<?xml version="1.0" encoding="UTF-8"?>
<testsuite name="com.bridegelabz.ipl_analyser.LeagueAnalyserTest" tests="12" skipped="0" failures="0" errors="0" timestamp="2020-09-13T15:27:35" hostname="LAPTOP-CKOAUDG5" time="3.662">
  <properties/>
  <testcase name="givenFile_whenSortWithRespectToSixFourAndStrikeRate_ReturnHighestPlayerName" classname="com.bridegelabz.ipl_analyser.LeagueAnalyserTest" time="0.884"/>
  <testcase name="givenFile_SortWithRespectBowlingAverage_ReturnHighestPlayerName" classname="com.bridegelabz.ipl_analyser.LeagueAnalyserTest" time="0.257"/>
  <testcase name="givenFile_SortWithRespectBowlerStrikeRate_ReturnHighestPlayerName" classname="com.bridegelabz.ipl_analyser.LeagueAnalyserTest" time="0.353"/>
  <testcase name="givenWktsFile_whenCheckRecords_shouldReturnCorrectRecords" classname="com.bridegelabz.ipl_analyser.LeagueAnalyserTest" time="0.259"/>
  <testcase name="givenFile_whenSortWithRespectToAverage_ReturnHighestBattingAvg" classname="com.bridegelabz.ipl_analyser.LeagueAnalyserTest" time="0.243"/>
  <testcase name="givenRunsFile_whenCheckRecords_shouldReturnCorrectRecords" classname="com.bridegelabz.ipl_analyser.LeagueAnalyserTest" time="0.281"/>
  <testcase name="givenFile_SortWithRespectBowlingStrikeRates_ReturnHighestPlayerName" classname="com.bridegelabz.ipl_analyser.LeagueAnalyserTest" time="0.26"/>
  <testcase name="givenFile_whenSortWithRespectToSixAndFour_ReturnHighestPlayerName" classname="com.bridegelabz.ipl_analyser.LeagueAnalyserTest" time="0.252"/>
  <testcase name="givenFile_whenSortWithRespectAverageAndStrikeRate_ReturnHighestPlayerName" classname="com.bridegelabz.ipl_analyser.LeagueAnalyserTest" time="0.227"/>
  <testcase name="givenFile_whenSortWithRespectToStrikeRate_ReturnHighestStrikeRate" classname="com.bridegelabz.ipl_analyser.LeagueAnalyserTest" time="0.212"/>
  <testcase name="givenFile_SortWithRespectAverageAndRuns_ReturnHighestPlayerName" classname="com.bridegelabz.ipl_analyser.LeagueAnalyserTest" time="0.214"/>
  <testcase name="givenFile_SortWithRespectBowlerBestEconomy_ReturnHighestPlayerName" classname="com.bridegelabz.ipl_analyser.LeagueAnalyserTest" time="0.207"/>
  <system-out><![CDATA[]]></system-out>
  <system-err><![CDATA[]]></system-err>
</testsuite>
