<?xml version="1.0" encoding="UTF-8"?>
<testsuite name="com.bridegelabz.ipl_analyser.LeagueAnalyserTest" tests="17" skipped="0" failures="0" errors="0" timestamp="2020-09-13T16:50:42" hostname="LAPTOP-CKOAUDG5" time="5.534">
  <properties/>
  <testcase name="givenFile_SortWithRespectToAllRounder_ReturnHighestPlayerName" classname="com.bridegelabz.ipl_analyser.LeagueAnalyserTest" time="1.149"/>
  <testcase name="givenFile_SortWithRespectBowlerStrikeRateAndAverage_ReturnHighestPlayerName" classname="com.bridegelabz.ipl_analyser.LeagueAnalyserTest" time="0.397"/>
  <testcase name="givenFile_whenSortWithRespectToSixFourAndStrikeRate_ReturnHighestPlayerName" classname="com.bridegelabz.ipl_analyser.LeagueAnalyserTest" time="0.45"/>
  <testcase name="givenFile_SortWithRespectAverageAndMostSixs_ReturnHighestPlayerName" classname="com.bridegelabz.ipl_analyser.LeagueAnalyserTest" time="0.319"/>
  <testcase name="givenFile_SortWithRespectBowlingAverage_ReturnHighestPlayerName" classname="com.bridegelabz.ipl_analyser.LeagueAnalyserTest" time="0.31"/>
  <testcase name="givenFile_SortWithRespectBowlerStrikeRate_ReturnHighestPlayerName" classname="com.bridegelabz.ipl_analyser.LeagueAnalyserTest" time="0.238"/>
  <testcase name="givenWktsFile_whenCheckRecords_shouldReturnCorrectRecords" classname="com.bridegelabz.ipl_analyser.LeagueAnalyserTest" time="0.284"/>
  <testcase name="givenFile_whenSortWithRespectToAverage_ReturnHighestBattingAvg" classname="com.bridegelabz.ipl_analyser.LeagueAnalyserTest" time="0.204"/>
  <testcase name="givenRunsFile_whenCheckRecords_shouldReturnCorrectRecords" classname="com.bridegelabz.ipl_analyser.LeagueAnalyserTest" time="0.195"/>
  <testcase name="givenFile_SortWithRespectBowlingStrikeRates_ReturnHighestPlayerName" classname="com.bridegelabz.ipl_analyser.LeagueAnalyserTest" time="0.196"/>
  <testcase name="givenFile_whenSortWithRespectToSixAndFour_ReturnHighestPlayerName" classname="com.bridegelabz.ipl_analyser.LeagueAnalyserTest" time="0.204"/>
  <testcase name="givenFile_SortWithRespectBowlerAndBattingAverage_ReturnHighestPlayerName" classname="com.bridegelabz.ipl_analyser.LeagueAnalyserTest" time="0.451"/>
  <testcase name="givenFile_whenSortWithRespectAverageAndStrikeRate_ReturnHighestPlayerName" classname="com.bridegelabz.ipl_analyser.LeagueAnalyserTest" time="0.232"/>
  <testcase name="givenFile_whenSortWithRespectToStrikeRate_ReturnHighestStrikeRate" classname="com.bridegelabz.ipl_analyser.LeagueAnalyserTest" time="0.2"/>
  <testcase name="givenFile_SortWithRespectAverageAndRuns_ReturnHighestPlayerName" classname="com.bridegelabz.ipl_analyser.LeagueAnalyserTest" time="0.233"/>
  <testcase name="givenFile_SortWithRespectBowlerBestEconomy_ReturnHighestPlayerName" classname="com.bridegelabz.ipl_analyser.LeagueAnalyserTest" time="0.216"/>
  <testcase name="givenFile_SortWithRespectBowlerWithMaxWktsAndAverage_ReturnHighestPlayerName" classname="com.bridegelabz.ipl_analyser.LeagueAnalyserTest" time="0.231"/>
  <system-out><![CDATA[]]></system-out>
  <system-err><![CDATA[]]></system-err>
</testsuite>
