<?xml version="1.0" encoding="UTF-8"?>
<testsuite name="com.bridegelabz.ipl_analyser.LeagueAnalyserTest" tests="1" skipped="0" failures="0" errors="0" timestamp="2020-09-13T17:39:18" hostname="LAPTOP-CKOAUDG5" time="1.191">
  <properties/>
  <testcase name="givenFile_SortWithRespectAverageAndNOCentury_ReturnHighestPlayerName" classname="com.bridegelabz.ipl_analyser.LeagueAnalyserTest" time="1.191"/>
  <system-out><![CDATA[]]></system-out>
  <system-err><![CDATA[]]></system-err>
</testsuite>
