<?xml version="1.0" encoding="UTF-8"?>
<testsuite name="com.bridegelabz.ipl_analyser.LeagueAnalyserTest" tests="8" skipped="0" failures="0" errors="0" timestamp="2020-09-13T11:22:53" hostname="LAPTOP-CKOAUDG5" time="2.798">
  <properties/>
  <testcase name="givenFile_whenSortWithRespectToSixFourAndStrikeRate_ReturnHighestPlayerName" classname="com.bridegelabz.ipl_analyser.LeagueAnalyserTest" time="0.759"/>
  <testcase name="givenWktsFile_whenCheckRecords_shouldReturnCorrectRecords" classname="com.bridegelabz.ipl_analyser.LeagueAnalyserTest" time="0.221"/>
  <testcase name="givenFile_whenSortWithRespectToAverage_ReturnHighestBattingAvg" classname="com.bridegelabz.ipl_analyser.LeagueAnalyserTest" time="0.247"/>
  <testcase name="givenRunsFile_whenCheckRecords_shouldReturnCorrectRecords" classname="com.bridegelabz.ipl_analyser.LeagueAnalyserTest" time="0.286"/>
  <testcase name="givenFile_whenSortWithRespectToSixAndFour_ReturnHighestPlayerName" classname="com.bridegelabz.ipl_analyser.LeagueAnalyserTest" time="0.341"/>
  <testcase name="givenFile_whenSortWithRespectAverageAndStrikeRate_ReturnHighestPlayerName" classname="com.bridegelabz.ipl_analyser.LeagueAnalyserTest" time="0.419"/>
  <testcase name="givenFile_whenSortWithRespectToStrikeRate_ReturnHighestStrikeRate" classname="com.bridegelabz.ipl_analyser.LeagueAnalyserTest" time="0.231"/>
  <testcase name="givenFile_SortWithRespectAverageAndRuns_ReturnHighestPlayerName" classname="com.bridegelabz.ipl_analyser.LeagueAnalyserTest" time="0.287"/>
  <system-out><![CDATA[]]></system-out>
  <system-err><![CDATA[]]></system-err>
</testsuite>
