<?xml version="1.0" encoding="UTF-8"?>
<testsuite name="com.bridegelabz.ipl_analyser.LeagueAnalyserTest" tests="18" skipped="0" failures="2" errors="0" timestamp="2020-09-13T19:00:22" hostname="LAPTOP-CKOAUDG5" time="6.521">
  <properties/>
  <testcase name="givenFile_SortWithRespectToAllRounder_ReturnHighestPlayerName" classname="com.bridegelabz.ipl_analyser.LeagueAnalyserTest" time="1.051"/>
  <testcase name="givenFile_SortWithRespectBowlerStrikeRateAndAverage_ReturnHighestPlayerName" classname="com.bridegelabz.ipl_analyser.LeagueAnalyserTest" time="0.307">
    <failure message="java.lang.NullPointerException" type="java.lang.NullPointerException">java.lang.NullPointerException
	at java.base/java.util.Comparator.lambda$comparing$77a9974f$1(Comparator.java:469)
	at java.base/java.util.Comparator.lambda$thenComparing$36697e65$1(Comparator.java:216)
	at java.base/java.util.TimSort.countRunAndMakeAscending(TimSort.java:355)
	at java.base/java.util.TimSort.sort(TimSort.java:234)
	at java.base/java.util.Arrays.sort(Arrays.java:1306)
	at java.base/java.util.ArrayList.sort(ArrayList.java:1720)
	at java.base/java.util.Collections.sort(Collections.java:179)
	at com.bridgelabz.ipl_analyser.LeagueAnalyser.sortData(LeagueAnalyser.java:89)
	at com.bridegelabz.ipl_analyser.LeagueAnalyserTest.givenFile_SortWithRespectBowlerStrikeRateAndAverage_ReturnHighestPlayerName(LeagueAnalyserTest.java:166)
	at java.base/jdk.internal.reflect.NativeMethodAccessorImpl.invoke0(Native Method)
	at java.base/jdk.internal.reflect.NativeMethodAccessorImpl.invoke(NativeMethodAccessorImpl.java:62)
	at java.base/jdk.internal.reflect.DelegatingMethodAccessorImpl.invoke(DelegatingMethodAccessorImpl.java:43)
	at java.base/java.lang.reflect.Method.invoke(Method.java:564)
	at org.junit.runners.model.FrameworkMethod$1.runReflectiveCall(FrameworkMethod.java:50)
	at org.junit.internal.runners.model.ReflectiveCallable.run(ReflectiveCallable.java:12)
	at org.junit.runners.model.FrameworkMethod.invokeExplosively(FrameworkMethod.java:47)
	at org.junit.internal.runners.statements.InvokeMethod.evaluate(InvokeMethod.java:17)
	at org.junit.runners.ParentRunner.runLeaf(ParentRunner.java:325)
	at org.junit.runners.BlockJUnit4ClassRunner.runChild(BlockJUnit4ClassRunner.java:78)
	at org.junit.runners.BlockJUnit4ClassRunner.runChild(BlockJUnit4ClassRunner.java:57)
	at org.junit.runners.ParentRunner$3.run(ParentRunner.java:290)
	at org.junit.runners.ParentRunner$1.schedule(ParentRunner.java:71)
	at org.junit.runners.ParentRunner.runChildren(ParentRunner.java:288)
	at org.junit.runners.ParentRunner.access$000(ParentRunner.java:58)
	at org.junit.runners.ParentRunner$2.evaluate(ParentRunner.java:268)
	at org.junit.runners.ParentRunner.run(ParentRunner.java:363)
	at org.gradle.api.internal.tasks.testing.junit.JUnitTestClassExecutor.runTestClass(JUnitTestClassExecutor.java:110)
	at org.gradle.api.internal.tasks.testing.junit.JUnitTestClassExecutor.execute(JUnitTestClassExecutor.java:58)
	at org.gradle.api.internal.tasks.testing.junit.JUnitTestClassExecutor.execute(JUnitTestClassExecutor.java:38)
	at org.gradle.api.internal.tasks.testing.junit.AbstractJUnitTestClassProcessor.processTestClass(AbstractJUnitTestClassProcessor.java:62)
	at org.gradle.api.internal.tasks.testing.SuiteTestClassProcessor.processTestClass(SuiteTestClassProcessor.java:51)
	at java.base/jdk.internal.reflect.NativeMethodAccessorImpl.invoke0(Native Method)
	at java.base/jdk.internal.reflect.NativeMethodAccessorImpl.invoke(NativeMethodAccessorImpl.java:62)
	at java.base/jdk.internal.reflect.DelegatingMethodAccessorImpl.invoke(DelegatingMethodAccessorImpl.java:43)
	at java.base/java.lang.reflect.Method.invoke(Method.java:564)
	at org.gradle.internal.dispatch.ReflectionDispatch.dispatch(ReflectionDispatch.java:36)
	at org.gradle.internal.dispatch.ReflectionDispatch.dispatch(ReflectionDispatch.java:24)
	at org.gradle.internal.dispatch.ContextClassLoaderDispatch.dispatch(ContextClassLoaderDispatch.java:33)
	at org.gradle.internal.dispatch.ProxyDispatchAdapter$DispatchingInvocationHandler.invoke(ProxyDispatchAdapter.java:94)
	at com.sun.proxy.$Proxy2.processTestClass(Unknown Source)
	at org.gradle.api.internal.tasks.testing.worker.TestWorker.processTestClass(TestWorker.java:118)
	at java.base/jdk.internal.reflect.NativeMethodAccessorImpl.invoke0(Native Method)
	at java.base/jdk.internal.reflect.NativeMethodAccessorImpl.invoke(NativeMethodAccessorImpl.java:62)
	at java.base/jdk.internal.reflect.DelegatingMethodAccessorImpl.invoke(DelegatingMethodAccessorImpl.java:43)
	at java.base/java.lang.reflect.Method.invoke(Method.java:564)
	at org.gradle.internal.dispatch.ReflectionDispatch.dispatch(ReflectionDispatch.java:36)
	at org.gradle.internal.dispatch.ReflectionDispatch.dispatch(ReflectionDispatch.java:24)
	at org.gradle.internal.remote.internal.hub.MessageHubBackedObjectConnection$DispatchWrapper.dispatch(MessageHubBackedObjectConnection.java:182)
	at org.gradle.internal.remote.internal.hub.MessageHubBackedObjectConnection$DispatchWrapper.dispatch(MessageHubBackedObjectConnection.java:164)
	at org.gradle.internal.remote.internal.hub.MessageHub$Handler.run(MessageHub.java:412)
	at org.gradle.internal.concurrent.ExecutorPolicy$CatchAndRecordFailures.onExecute(ExecutorPolicy.java:64)
	at org.gradle.internal.concurrent.ManagedExecutorImpl$1.run(ManagedExecutorImpl.java:48)
	at java.base/java.util.concurrent.ThreadPoolExecutor.runWorker(ThreadPoolExecutor.java:1130)
	at java.base/java.util.concurrent.ThreadPoolExecutor$Worker.run(ThreadPoolExecutor.java:630)
	at org.gradle.internal.concurrent.ThreadFactoryImpl$ManagedThreadRunnable.run(ThreadFactoryImpl.java:56)
	at java.base/java.lang.Thread.run(Thread.java:832)
</failure>
  </testcase>
  <testcase name="givenFile_whenSortWithRespectToSixFourAndStrikeRate_ReturnHighestPlayerName" classname="com.bridegelabz.ipl_analyser.LeagueAnalyserTest" time="0.31"/>
  <testcase name="givenFile_SortWithRespectAverageAndMostSixs_ReturnHighestPlayerName" classname="com.bridegelabz.ipl_analyser.LeagueAnalyserTest" time="0.455"/>
  <testcase name="givenFile_SortWithRespectBowlingAverage_ReturnHighestPlayerName" classname="com.bridegelabz.ipl_analyser.LeagueAnalyserTest" time="0.3"/>
  <testcase name="givenFile_SortWithRespectAverageAndNOCentury_ReturnHighestPlayerName" classname="com.bridegelabz.ipl_analyser.LeagueAnalyserTest" time="0.536"/>
  <testcase name="givenFile_SortWithRespectBowlerStrikeRate_ReturnHighestPlayerName" classname="com.bridegelabz.ipl_analyser.LeagueAnalyserTest" time="0.225">
    <failure message="java.lang.NullPointerException" type="java.lang.NullPointerException">java.lang.NullPointerException
	at java.base/java.util.Comparator.lambda$comparing$77a9974f$1(Comparator.java:469)
	at java.base/java.util.Comparator.lambda$thenComparing$36697e65$1(Comparator.java:216)
	at java.base/java.util.Comparator.lambda$thenComparing$36697e65$1(Comparator.java:216)
	at java.base/java.util.TimSort.countRunAndMakeAscending(TimSort.java:355)
	at java.base/java.util.TimSort.sort(TimSort.java:234)
	at java.base/java.util.Arrays.sort(Arrays.java:1306)
	at java.base/java.util.ArrayList.sort(ArrayList.java:1720)
	at java.base/java.util.Collections.sort(Collections.java:179)
	at com.bridgelabz.ipl_analyser.LeagueAnalyser.sortData(LeagueAnalyser.java:89)
	at com.bridegelabz.ipl_analyser.LeagueAnalyserTest.givenFile_SortWithRespectBowlerStrikeRate_ReturnHighestPlayerName(LeagueAnalyserTest.java:154)
	at java.base/jdk.internal.reflect.NativeMethodAccessorImpl.invoke0(Native Method)
	at java.base/jdk.internal.reflect.NativeMethodAccessorImpl.invoke(NativeMethodAccessorImpl.java:62)
	at java.base/jdk.internal.reflect.DelegatingMethodAccessorImpl.invoke(DelegatingMethodAccessorImpl.java:43)
	at java.base/java.lang.reflect.Method.invoke(Method.java:564)
	at org.junit.runners.model.FrameworkMethod$1.runReflectiveCall(FrameworkMethod.java:50)
	at org.junit.internal.runners.model.ReflectiveCallable.run(ReflectiveCallable.java:12)
	at org.junit.runners.model.FrameworkMethod.invokeExplosively(FrameworkMethod.java:47)
	at org.junit.internal.runners.statements.InvokeMethod.evaluate(InvokeMethod.java:17)
	at org.junit.runners.ParentRunner.runLeaf(ParentRunner.java:325)
	at org.junit.runners.BlockJUnit4ClassRunner.runChild(BlockJUnit4ClassRunner.java:78)
	at org.junit.runners.BlockJUnit4ClassRunner.runChild(BlockJUnit4ClassRunner.java:57)
	at org.junit.runners.ParentRunner$3.run(ParentRunner.java:290)
	at org.junit.runners.ParentRunner$1.schedule(ParentRunner.java:71)
	at org.junit.runners.ParentRunner.runChildren(ParentRunner.java:288)
	at org.junit.runners.ParentRunner.access$000(ParentRunner.java:58)
	at org.junit.runners.ParentRunner$2.evaluate(ParentRunner.java:268)
	at org.junit.runners.ParentRunner.run(ParentRunner.java:363)
	at org.gradle.api.internal.tasks.testing.junit.JUnitTestClassExecutor.runTestClass(JUnitTestClassExecutor.java:110)
	at org.gradle.api.internal.tasks.testing.junit.JUnitTestClassExecutor.execute(JUnitTestClassExecutor.java:58)
	at org.gradle.api.internal.tasks.testing.junit.JUnitTestClassExecutor.execute(JUnitTestClassExecutor.java:38)
	at org.gradle.api.internal.tasks.testing.junit.AbstractJUnitTestClassProcessor.processTestClass(AbstractJUnitTestClassProcessor.java:62)
	at org.gradle.api.internal.tasks.testing.SuiteTestClassProcessor.processTestClass(SuiteTestClassProcessor.java:51)
	at java.base/jdk.internal.reflect.NativeMethodAccessorImpl.invoke0(Native Method)
	at java.base/jdk.internal.reflect.NativeMethodAccessorImpl.invoke(NativeMethodAccessorImpl.java:62)
	at java.base/jdk.internal.reflect.DelegatingMethodAccessorImpl.invoke(DelegatingMethodAccessorImpl.java:43)
	at java.base/java.lang.reflect.Method.invoke(Method.java:564)
	at org.gradle.internal.dispatch.ReflectionDispatch.dispatch(ReflectionDispatch.java:36)
	at org.gradle.internal.dispatch.ReflectionDispatch.dispatch(ReflectionDispatch.java:24)
	at org.gradle.internal.dispatch.ContextClassLoaderDispatch.dispatch(ContextClassLoaderDispatch.java:33)
	at org.gradle.internal.dispatch.ProxyDispatchAdapter$DispatchingInvocationHandler.invoke(ProxyDispatchAdapter.java:94)
	at com.sun.proxy.$Proxy2.processTestClass(Unknown Source)
	at org.gradle.api.internal.tasks.testing.worker.TestWorker.processTestClass(TestWorker.java:118)
	at java.base/jdk.internal.reflect.NativeMethodAccessorImpl.invoke0(Native Method)
	at java.base/jdk.internal.reflect.NativeMethodAccessorImpl.invoke(NativeMethodAccessorImpl.java:62)
	at java.base/jdk.internal.reflect.DelegatingMethodAccessorImpl.invoke(DelegatingMethodAccessorImpl.java:43)
	at java.base/java.lang.reflect.Method.invoke(Method.java:564)
	at org.gradle.internal.dispatch.ReflectionDispatch.dispatch(ReflectionDispatch.java:36)
	at org.gradle.internal.dispatch.ReflectionDispatch.dispatch(ReflectionDispatch.java:24)
	at org.gradle.internal.remote.internal.hub.MessageHubBackedObjectConnection$DispatchWrapper.dispatch(MessageHubBackedObjectConnection.java:182)
	at org.gradle.internal.remote.internal.hub.MessageHubBackedObjectConnection$DispatchWrapper.dispatch(MessageHubBackedObjectConnection.java:164)
	at org.gradle.internal.remote.internal.hub.MessageHub$Handler.run(MessageHub.java:412)
	at org.gradle.internal.concurrent.ExecutorPolicy$CatchAndRecordFailures.onExecute(ExecutorPolicy.java:64)
	at org.gradle.internal.concurrent.ManagedExecutorImpl$1.run(ManagedExecutorImpl.java:48)
	at java.base/java.util.concurrent.ThreadPoolExecutor.runWorker(ThreadPoolExecutor.java:1130)
	at java.base/java.util.concurrent.ThreadPoolExecutor$Worker.run(ThreadPoolExecutor.java:630)
	at org.gradle.internal.concurrent.ThreadFactoryImpl$ManagedThreadRunnable.run(ThreadFactoryImpl.java:56)
	at java.base/java.lang.Thread.run(Thread.java:832)
</failure>
  </testcase>
  <testcase name="givenWktsFile_whenCheckRecords_shouldReturnCorrectRecords" classname="com.bridegelabz.ipl_analyser.LeagueAnalyserTest" time="0.294"/>
  <testcase name="givenFile_whenSortWithRespectToAverage_ReturnHighestBattingAvg" classname="com.bridegelabz.ipl_analyser.LeagueAnalyserTest" time="0.339"/>
  <testcase name="givenRunsFile_whenCheckRecords_shouldReturnCorrectRecords" classname="com.bridegelabz.ipl_analyser.LeagueAnalyserTest" time="0.271"/>
  <testcase name="givenFile_SortWithRespectBowlingStrikeRates_ReturnHighestPlayerName" classname="com.bridegelabz.ipl_analyser.LeagueAnalyserTest" time="0.257"/>
  <testcase name="givenFile_whenSortWithRespectToSixAndFour_ReturnHighestPlayerName" classname="com.bridegelabz.ipl_analyser.LeagueAnalyserTest" time="0.223"/>
  <testcase name="givenFile_SortWithRespectBowlerAndBattingAverage_ReturnHighestPlayerName" classname="com.bridegelabz.ipl_analyser.LeagueAnalyserTest" time="0.614"/>
  <testcase name="givenFile_whenSortWithRespectAverageAndStrikeRate_ReturnHighestPlayerName" classname="com.bridegelabz.ipl_analyser.LeagueAnalyserTest" time="0.226"/>
  <testcase name="givenFile_whenSortWithRespectToStrikeRate_ReturnHighestStrikeRate" classname="com.bridegelabz.ipl_analyser.LeagueAnalyserTest" time="0.276"/>
  <testcase name="givenFile_SortWithRespectAverageAndRuns_ReturnHighestPlayerName" classname="com.bridegelabz.ipl_analyser.LeagueAnalyserTest" time="0.293"/>
  <testcase name="givenFile_SortWithRespectBowlerBestEconomy_ReturnHighestPlayerName" classname="com.bridegelabz.ipl_analyser.LeagueAnalyserTest" time="0.303"/>
  <testcase name="givenFile_SortWithRespectBowlerWithMaxWktsAndAverage_ReturnHighestPlayerName" classname="com.bridegelabz.ipl_analyser.LeagueAnalyserTest" time="0.225"/>
  <system-out><![CDATA[]]></system-out>
  <system-err><![CDATA[]]></system-err>
</testsuite>
